<?xml version="1.0" encoding="UTF-8"?>
<testsuite xmlns:xsi="http://www.w3.org/2001/XMLSchema-instance" xsi:noNamespaceSchemaLocation="https://maven.apache.org/surefire/maven-surefire-plugin/xsd/surefire-test-report-3.0.xsd" version="3.0" name="com.happiest.EligibilityMicroservice.EligibilityMicroserviceApplicationTest" time="32.505" tests="1" errors="0" skipped="0" failures="0">
  <properties>
[...]
</properties>
  <testcase name="testMain" classname="com.happiest.EligibilityMicroservice.EligibilityMicroserviceApplicationTest" time="12.393">
    <system-out><![CDATA[2024-11-04 20:15:53 INFO  AnnotationConfigContextLoaderUtils - Could not detect default configuration classes for test class [com.happiest.EligibilityMicroservice.EligibilityMicroserviceApplicationTest]: EligibilityMicroserviceApplicationTest does not declare any static, non-private, non-final, nested classes annotated with @Configuration.
2024-11-04 20:15:53 INFO  SpringBootTestContextBootstrapper - Found @SpringBootConfiguration com.happiest.EligibilityMicroservice.EligibilityMicroserviceApplication for test class com.happiest.EligibilityMicroservice.EligibilityMicroserviceApplicationTest
2024-11-04 20:15:53 INFO  RestartApplicationListener - Restart disabled due to context in which it is running

  .   ____          _            __ _ _
 /\\ / ___'_ __ _ _(_)_ __  __ _ \ \ \ \
( ( )\___ | '_ | '_| | '_ \/ _` | \ \ \ \
 \\/  ___)| |_)| | | | | || (_| |  ) ) ) )
  '  |____| .__|_| |_|_| |_\__, | / / / /
 =========|_|==============|___/=/_/_/_/

 :: Spring Boot ::       (v3.3.5-SNAPSHOT)

2024-11-04 20:15:57 INFO  ConfigServerConfigDataLoader - Fetching config from server at : http://localhost:8999/
2024-11-04 20:15:57 INFO  ConfigServerConfigDataLoader - Located environment: name=EligibilityMicroservice, profiles=[default], label=null, version=8c4d91631b98c5c5e46ff46189ae0293c90a87a2, state=null
2024-11-04 20:15:57 INFO  ConfigServerConfigDataLoader - Fetching config from server at : http://localhost:8999/
2024-11-04 20:15:57 INFO  ConfigServerConfigDataLoader - Located environment: name=EligibilityMicroservice, profiles=[test], label=null, version=8c4d91631b98c5c5e46ff46189ae0293c90a87a2, state=null
2024-11-04 20:15:59 INFO  RepositoryConfigurationDelegate - Bootstrapping Spring Data JPA repositories in DEFAULT mode.
2024-11-04 20:16:00 INFO  RepositoryConfigurationDelegate - Finished Spring Data repository scanning in 281 ms. Found 3 JPA repository interfaces.
2024-11-04 20:16:00 INFO  GenericScope - BeanFactory id=4f63ef73-2a4e-3825-8c1b-49deab9a997a
2024-11-04 20:16:01 WARN  PostProcessorRegistrationDelegate$BeanPostProcessorChecker - Bean 'org.springframework.cloud.client.loadbalancer.LoadBalancerAutoConfiguration$DeferringLoadBalancerInterceptorConfig' of type [org.springframework.cloud.client.loadbalancer.LoadBalancerAutoConfiguration$DeferringLoadBalancerInterceptorConfig] is not eligible for getting processed by all BeanPostProcessors (for example: not eligible for auto-proxying). The currently created BeanPostProcessor [lbRestClientPostProcessor] is declared through a non-static factory method on that class; consider declaring it as static instead.
2024-11-04 20:16:01 WARN  PostProcessorRegistrationDelegate$BeanPostProcessorChecker - Bean 'deferringLoadBalancerInterceptor' of type [org.springframework.cloud.client.loadbalancer.DeferringLoadBalancerInterceptor] is not eligible for getting processed by all BeanPostProcessors (for example: not eligible for auto-proxying). Is this bean getting eagerly injected/applied to a currently created BeanPostProcessor [lbRestClientPostProcessor]? Check the corresponding BeanPostProcessor declaration and its dependencies/advisors. If this bean does not have to be post-processed, declare it with ROLE_INFRASTRUCTURE.
2024-11-04 20:16:01 WARN  PostProcessorRegistrationDelegate$BeanPostProcessorChecker - Bean 'org.springframework.cloud.client.loadbalancer.reactive.LoadBalancerBeanPostProcessorAutoConfiguration' of type [org.springframework.cloud.client.loadbalancer.reactive.LoadBalancerBeanPostProcessorAutoConfiguration] is not eligible for getting processed by all BeanPostProcessors (for example: not eligible for auto-proxying). The currently created BeanPostProcessor [loadBalancerWebClientBuilderBeanPostProcessor] is declared through a non-static factory method on that class; consider declaring it as static instead.
2024-11-04 20:16:01 WARN  PostProcessorRegistrationDelegate$BeanPostProcessorChecker - Bean 'org.springframework.cloud.client.loadbalancer.reactive.LoadBalancerBeanPostProcessorAutoConfiguration$ReactorDeferringLoadBalancerFilterConfig' of type [org.springframework.cloud.client.loadbalancer.reactive.LoadBalancerBeanPostProcessorAutoConfiguration$ReactorDeferringLoadBalancerFilterConfig] is not eligible for getting processed by all BeanPostProcessors (for example: not eligible for auto-proxying). Is this bean getting eagerly injected/applied to a currently created BeanPostProcessor [loadBalancerWebClientBuilderBeanPostProcessor]? Check the corresponding BeanPostProcessor declaration and its dependencies/advisors. If this bean does not have to be post-processed, declare it with ROLE_INFRASTRUCTURE.
2024-11-04 20:16:01 WARN  PostProcessorRegistrationDelegate$BeanPostProcessorChecker - Bean 'reactorDeferringLoadBalancerExchangeFilterFunction' of type [org.springframework.cloud.client.loadbalancer.reactive.DeferringLoadBalancerExchangeFilterFunction] is not eligible for getting processed by all BeanPostProcessors (for example: not eligible for auto-proxying). Is this bean getting eagerly injected/applied to a currently created BeanPostProcessor [loadBalancerWebClientBuilderBeanPostProcessor]? Check the corresponding BeanPostProcessor declaration and its dependencies/advisors. If this bean does not have to be post-processed, declare it with ROLE_INFRASTRUCTURE.
2024-11-04 20:16:01 INFO  LogHelper - HHH000204: Processing PersistenceUnitInfo [name: default]
2024-11-04 20:16:02 INFO  Version - HHH000412: Hibernate ORM core version 6.5.3.Final
2024-11-04 20:16:02 INFO  RegionFactoryInitiator - HHH000026: Second-level cache disabled
2024-11-04 20:16:02 INFO  SpringPersistenceUnitInfo - No LoadTimeWeaver setup: ignoring JPA class transformer
2024-11-04 20:16:02 INFO  HikariDataSource - HikariPool-1 - Starting...
2024-11-04 20:16:03 INFO  HikariPool - HikariPool-1 - Added connection com.mysql.cj.jdbc.ConnectionImpl@41fa9c41
2024-11-04 20:16:03 INFO  HikariDataSource - HikariPool-1 - Start completed.
2024-11-04 20:16:05 INFO  JtaPlatformInitiator - HHH000489: No JTA platform available (set 'hibernate.transaction.jta.platform' to enable JTA platform integration)
2024-11-04 20:16:05 INFO  LocalContainerEntityManagerFactoryBean - Initialized JPA EntityManagerFactory for persistence unit 'default'
2024-11-04 20:16:06 WARN  JpaBaseConfiguration$JpaWebConfiguration - spring.jpa.open-in-view is enabled by default. Therefore, database queries may be performed during view rendering. Explicitly configure spring.jpa.open-in-view to disable this warning
2024-11-04 20:16:07 INFO  InetUtils - Cannot determine local hostname
2024-11-04 20:16:07 INFO  FeignClientFactoryBean - For 'http://AuthService/buyerdata' URL not provided. Will try picking an instance via load-balancing.
2024-11-04 20:16:11 INFO  DiscoveryClientOptionalArgsConfiguration - Eureka HTTP Client uses RestTemplate.
2024-11-04 20:16:11 WARN  LoadBalancerCacheAutoConfiguration$LoadBalancerCaffeineWarnLogger - Spring Cloud LoadBalancer is currently working with the default cache. While this cache implementation is useful for development and tests, it's recommended to use Caffeine cache in production.You can switch to using Caffeine cache, by adding it and org.springframework.cache.caffeine.CaffeineCacheManager to the classpath.
2024-11-04 20:16:11 INFO  EndpointLinksResolver - Exposing 1 endpoint beneath base path '/actuator'
2024-11-04 20:16:11 INFO  InstanceInfoFactory - Setting initial instance status as: STARTING
2024-11-04 20:16:11 INFO  DiscoveryClient - Initializing Eureka in region us-east-1
2024-11-04 20:16:11 INFO  ConfigClusterResolver - Resolving eureka endpoints via configuration
2024-11-04 20:16:11 INFO  DiscoveryClient - Disable delta property : false
2024-11-04 20:16:11 INFO  DiscoveryClient - Single vip registry refresh property : null
2024-11-04 20:16:11 INFO  DiscoveryClient - Force full registry fetch : false
2024-11-04 20:16:11 INFO  DiscoveryClient - Application is null : false
2024-11-04 20:16:11 INFO  DiscoveryClient - Registered Applications size is zero : true
2024-11-04 20:16:11 INFO  DiscoveryClient - Application version is -1: true
2024-11-04 20:16:11 INFO  DiscoveryClient - Getting all instance registry info from the eureka server
2024-11-04 20:16:11 INFO  DiscoveryClient - The response status is 200
2024-11-04 20:16:11 INFO  DiscoveryClient - Starting heartbeat executor: renew interval is: 30
2024-11-04 20:16:11 INFO  InstanceInfoReplicator - InstanceInfoReplicator onDemand update allowed rate per min is 4
2024-11-04 20:16:11 INFO  DiscoveryClient - Discovery Client initialized at timestamp 1730731571936 with initial instances count: 4
2024-11-04 20:16:11 INFO  EurekaServiceRegistry - Registering application ELIGIBILITYMICROSERVICE with eureka with status UP
2024-11-04 20:16:11 INFO  DiscoveryClient - Saw local status change event StatusChangeEvent [timestamp=1730731571949, current=UP, previous=STARTING]
2024-11-04 20:16:11 INFO  DiscoveryClient - DiscoveryClient_ELIGIBILITYMICROSERVICE/HMECL-3DPX434:EligibilityMicroservice:9005: registering service...
2024-11-04 20:16:12 INFO  DiscoveryClient - DiscoveryClient_ELIGIBILITYMICROSERVICE/HMECL-3DPX434:EligibilityMicroservice:9005 - registration status: 204
2024-11-04 20:16:12 INFO  RestartApplicationListener - Restart disabled due to context in which it is running

  .   ____          _            __ _ _
 /\\ / ___'_ __ _ _(_)_ __  __ _ \ \ \ \
( ( )\___ | '_ | '_| | '_ \/ _` | \ \ \ \
 \\/  ___)| |_)| | | | | || (_| |  ) ) ) )
  '  |____| .__|_| |_|_| |_\__, | / / / /
 =========|_|==============|___/=/_/_/_/

 :: Spring Boot ::       (v3.3.5-SNAPSHOT)

2024-11-04 20:16:17 INFO  ConfigServerConfigDataLoader - Fetching config from server at : http://localhost:8999/
2024-11-04 20:16:17 INFO  ConfigServerConfigDataLoader - Located environment: name=EligibilityMicroservice, profiles=[default], label=null, version=8c4d91631b98c5c5e46ff46189ae0293c90a87a2, state=null
2024-11-04 20:16:17 INFO  RepositoryConfigurationDelegate - Bootstrapping Spring Data JPA repositories in DEFAULT mode.
2024-11-04 20:16:17 INFO  RepositoryConfigurationDelegate - Finished Spring Data repository scanning in 21 ms. Found 3 JPA repository interfaces.
2024-11-04 20:16:17 INFO  GenericScope - BeanFactory id=b4a773fd-d0e1-36e6-806e-d296b800bdfa
2024-11-04 20:16:18 WARN  PostProcessorRegistrationDelegate$BeanPostProcessorChecker - Bean 'org.springframework.cloud.client.loadbalancer.LoadBalancerAutoConfiguration$DeferringLoadBalancerInterceptorConfig' of type [org.springframework.cloud.client.loadbalancer.LoadBalancerAutoConfiguration$DeferringLoadBalancerInterceptorConfig] is not eligible for getting processed by all BeanPostProcessors (for example: not eligible for auto-proxying). The currently created BeanPostProcessor [lbRestClientPostProcessor] is declared through a non-static factory method on that class; consider declaring it as static instead.
2024-11-04 20:16:18 WARN  PostProcessorRegistrationDelegate$BeanPostProcessorChecker - Bean 'deferringLoadBalancerInterceptor' of type [org.springframework.cloud.client.loadbalancer.DeferringLoadBalancerInterceptor] is not eligible for getting processed by all BeanPostProcessors (for example: not eligible for auto-proxying). Is this bean getting eagerly injected/applied to a currently created BeanPostProcessor [lbRestClientPostProcessor]? Check the corresponding BeanPostProcessor declaration and its dependencies/advisors. If this bean does not have to be post-processed, declare it with ROLE_INFRASTRUCTURE.
2024-11-04 20:16:18 WARN  PostProcessorRegistrationDelegate$BeanPostProcessorChecker - Bean 'org.springframework.cloud.client.loadbalancer.reactive.LoadBalancerBeanPostProcessorAutoConfiguration' of type [org.springframework.cloud.client.loadbalancer.reactive.LoadBalancerBeanPostProcessorAutoConfiguration] is not eligible for getting processed by all BeanPostProcessors (for example: not eligible for auto-proxying). The currently created BeanPostProcessor [loadBalancerWebClientBuilderBeanPostProcessor] is declared through a non-static factory method on that class; consider declaring it as static instead.
2024-11-04 20:16:18 WARN  PostProcessorRegistrationDelegate$BeanPostProcessorChecker - Bean 'org.springframework.cloud.client.loadbalancer.reactive.LoadBalancerBeanPostProcessorAutoConfiguration$ReactorDeferringLoadBalancerFilterConfig' of type [org.springframework.cloud.client.loadbalancer.reactive.LoadBalancerBeanPostProcessorAutoConfiguration$ReactorDeferringLoadBalancerFilterConfig] is not eligible for getting processed by all BeanPostProcessors (for example: not eligible for auto-proxying). Is this bean getting eagerly injected/applied to a currently created BeanPostProcessor [loadBalancerWebClientBuilderBeanPostProcessor]? Check the corresponding BeanPostProcessor declaration and its dependencies/advisors. If this bean does not have to be post-processed, declare it with ROLE_INFRASTRUCTURE.
2024-11-04 20:16:18 WARN  PostProcessorRegistrationDelegate$BeanPostProcessorChecker - Bean 'reactorDeferringLoadBalancerExchangeFilterFunction' of type [org.springframework.cloud.client.loadbalancer.reactive.DeferringLoadBalancerExchangeFilterFunction] is not eligible for getting processed by all BeanPostProcessors (for example: not eligible for auto-proxying). Is this bean getting eagerly injected/applied to a currently created BeanPostProcessor [loadBalancerWebClientBuilderBeanPostProcessor]? Check the corresponding BeanPostProcessor declaration and its dependencies/advisors. If this bean does not have to be post-processed, declare it with ROLE_INFRASTRUCTURE.
2024-11-04 20:16:18 INFO  TomcatWebServer - Tomcat initialized with port 9005 (http)
2024-11-04 20:16:18 INFO  Http11NioProtocol - Initializing ProtocolHandler ["http-nio-9005"]
2024-11-04 20:16:18 INFO  StandardService - Starting service [Tomcat]
2024-11-04 20:16:18 INFO  StandardEngine - Starting Servlet engine: [Apache Tomcat/10.1.31]
2024-11-04 20:16:18 INFO  [/] - Initializing Spring embedded WebApplicationContext
2024-11-04 20:16:18 INFO  ServletWebServerApplicationContext - Root WebApplicationContext: initialization completed in 1212 ms
2024-11-04 20:16:18 INFO  LogHelper - HHH000204: Processing PersistenceUnitInfo [name: default]
2024-11-04 20:16:18 INFO  RegionFactoryInitiator - HHH000026: Second-level cache disabled
2024-11-04 20:16:18 INFO  SpringPersistenceUnitInfo - No LoadTimeWeaver setup: ignoring JPA class transformer
2024-11-04 20:16:18 INFO  HikariDataSource - HikariPool-2 - Starting...
2024-11-04 20:16:18 INFO  HikariPool - HikariPool-2 - Added connection com.mysql.cj.jdbc.ConnectionImpl@5650ebef
2024-11-04 20:16:18 INFO  HikariDataSource - HikariPool-2 - Start completed.
2024-11-04 20:16:18 INFO  JtaPlatformInitiator - HHH000489: No JTA platform available (set 'hibernate.transaction.jta.platform' to enable JTA platform integration)
2024-11-04 20:16:18 INFO  LocalContainerEntityManagerFactoryBean - Initialized JPA EntityManagerFactory for persistence unit 'default'
2024-11-04 20:16:19 WARN  JpaBaseConfiguration$JpaWebConfiguration - spring.jpa.open-in-view is enabled by default. Therefore, database queries may be performed during view rendering. Explicitly configure spring.jpa.open-in-view to disable this warning
2024-11-04 20:16:19 INFO  FeignClientFactoryBean - For 'http://AuthService/buyerdata' URL not provided. Will try picking an instance via load-balancing.
2024-11-04 20:16:21 INFO  DiscoveryClientOptionalArgsConfiguration - Eureka HTTP Client uses RestTemplate.
2024-11-04 20:16:21 WARN  LoadBalancerCacheAutoConfiguration$LoadBalancerCaffeineWarnLogger - Spring Cloud LoadBalancer is currently working with the default cache. While this cache implementation is useful for development and tests, it's recommended to use Caffeine cache in production.You can switch to using Caffeine cache, by adding it and org.springframework.cache.caffeine.CaffeineCacheManager to the classpath.
2024-11-04 20:16:21 INFO  EndpointLinksResolver - Exposing 1 endpoint beneath base path '/actuator'
2024-11-04 20:16:21 INFO  InstanceInfoFactory - Setting initial instance status as: STARTING
2024-11-04 20:16:21 INFO  DiscoveryClient - Initializing Eureka in region us-east-1
2024-11-04 20:16:21 INFO  ConfigClusterResolver - Resolving eureka endpoints via configuration
2024-11-04 20:16:21 INFO  DiscoveryClient - Disable delta property : false
2024-11-04 20:16:21 INFO  DiscoveryClient - Single vip registry refresh property : null
2024-11-04 20:16:21 INFO  DiscoveryClient - Force full registry fetch : false
2024-11-04 20:16:21 INFO  DiscoveryClient - Application is null : false
2024-11-04 20:16:21 INFO  DiscoveryClient - Registered Applications size is zero : true
2024-11-04 20:16:21 INFO  DiscoveryClient - Application version is -1: true
2024-11-04 20:16:21 INFO  DiscoveryClient - Getting all instance registry info from the eureka server
2024-11-04 20:16:21 INFO  DiscoveryClient - The response status is 200
2024-11-04 20:16:21 INFO  DiscoveryClient - Starting heartbeat executor: renew interval is: 30
2024-11-04 20:16:21 INFO  InstanceInfoReplicator - InstanceInfoReplicator onDemand update allowed rate per min is 4
2024-11-04 20:16:21 INFO  DiscoveryClient - Discovery Client initialized at timestamp 1730731581220 with initial instances count: 4
2024-11-04 20:16:21 INFO  EurekaServiceRegistry - Registering application ELIGIBILITYMICROSERVICE with eureka with status UP
2024-11-04 20:16:21 INFO  DiscoveryClient - Saw local status change event StatusChangeEvent [timestamp=1730731581224, current=UP, previous=STARTING]
2024-11-04 20:16:21 INFO  DiscoveryClient - DiscoveryClient_ELIGIBILITYMICROSERVICE/HMECL-3DPX434:EligibilityMicroservice:9005: registering service...
2024-11-04 20:16:21 INFO  Http11NioProtocol - Starting ProtocolHandler ["http-nio-9005"]
2024-11-04 20:16:21 INFO  DiscoveryClient - DiscoveryClient_ELIGIBILITYMICROSERVICE/HMECL-3DPX434:EligibilityMicroservice:9005 - registration status: 204
2024-11-04 20:16:21 INFO  EurekaServiceRegistry - Unregistering application ELIGIBILITYMICROSERVICE with eureka with status DOWN
2024-11-04 20:16:21 INFO  DiscoveryClient - Saw local status change event StatusChangeEvent [timestamp=1730731581258, current=DOWN, previous=UP]
2024-11-04 20:16:21 INFO  DiscoveryClient - DiscoveryClient_ELIGIBILITYMICROSERVICE/HMECL-3DPX434:EligibilityMicroservice:9005: registering service...
2024-11-04 20:16:21 WARN  AnnotationConfigServletWebServerApplicationContext - Exception encountered during context initialization - cancelling refresh attempt: org.springframework.context.ApplicationContextException: Failed to start bean 'webServerStartStop'
2024-11-04 20:16:21 INFO  DiscoveryClient - DiscoveryClient_ELIGIBILITYMICROSERVICE/HMECL-3DPX434:EligibilityMicroservice:9005 - registration status: 204
2024-11-04 20:16:21 INFO  LocalContainerEntityManagerFactoryBean - Closing JPA EntityManagerFactory for persistence unit 'default'
2024-11-04 20:16:21 INFO  HikariDataSource - HikariPool-2 - Shutdown initiated...
2024-11-04 20:16:21 INFO  HikariDataSource - HikariPool-2 - Shutdown completed.
2024-11-04 20:16:21 INFO  DiscoveryClient - Shutting down DiscoveryClient ...
2024-11-04 20:16:24 INFO  DiscoveryClient - Unregistering ...
2024-11-04 20:16:24 INFO  DiscoveryClient - DiscoveryClient_ELIGIBILITYMICROSERVICE/HMECL-3DPX434:EligibilityMicroservice:9005 - deregister  status: 200
2024-11-04 20:16:24 INFO  DiscoveryClient - Completed shut down of DiscoveryClient
2024-11-04 20:16:24 INFO  ConditionEvaluationReportLogger - 

Error starting ApplicationContext. To display the condition evaluation report re-run your application with 'debug' enabled.
2024-11-04 20:16:24 ERROR LoggingFailureAnalysisReporter - 

***************************
APPLICATION FAILED TO START
***************************

Description:

Web server failed to start. Port 9005 was already in use.

Action:

Identify and stop the process that's listening on port 9005 or configure this application to listen on another port.

]]></system-out>
    <system-err><![CDATA[WARNING: A Java agent has been loaded dynamically (C:\Users\Yuvraj.naidu\.m2\repository\net\bytebuddy\byte-buddy-agent\1.14.19\byte-buddy-agent-1.14.19.jar)
WARNING: If a serviceability tool is in use, please run with -XX:+EnableDynamicAgentLoading to hide this warning
WARNING: If a serviceability tool is not in use, please run with -Djdk.instrument.traceUsage for more information
WARNING: Dynamic loading of agents will be disallowed by default in a future release
org.springframework.context.ApplicationContextException: Failed to start bean 'webServerStartStop'
	at org.springframework.context.support.DefaultLifecycleProcessor.doStart(DefaultLifecycleProcessor.java:288)
	at org.springframework.context.support.DefaultLifecycleProcessor$LifecycleGroup.start(DefaultLifecycleProcessor.java:472)
	at java.base/java.lang.Iterable.forEach(Iterable.java:75)
	at org.springframework.context.support.DefaultLifecycleProcessor.startBeans(DefaultLifecycleProcessor.java:257)
	at org.springframework.context.support.DefaultLifecycleProcessor.onRefresh(DefaultLifecycleProcessor.java:202)
	at org.springframework.context.support.AbstractApplicationContext.finishRefresh(AbstractApplicationContext.java:990)
	at org.springframework.context.support.AbstractApplicationContext.refresh(AbstractApplicationContext.java:628)
	at org.springframework.boot.web.servlet.context.ServletWebServerApplicationContext.refresh(ServletWebServerApplicationContext.java:146)
	at org.springframework.boot.SpringApplication.refresh(SpringApplication.java:754)
	at org.springframework.boot.SpringApplication.refreshContext(SpringApplication.java:456)
	at org.springframework.boot.SpringApplication.run(SpringApplication.java:335)
	at org.springframework.boot.SpringApplication.run(SpringApplication.java:1363)
	at org.springframework.boot.SpringApplication.run(SpringApplication.java:1352)
	at com.happiest.EligibilityMicroservice.EligibilityMicroserviceApplication.main(EligibilityMicroserviceApplication.java:12)
	at com.happiest.EligibilityMicroservice.EligibilityMicroserviceApplicationTest.testMain(EligibilityMicroserviceApplicationTest.java:15)
	at java.base/jdk.internal.reflect.DirectMethodHandleAccessor.invoke(DirectMethodHandleAccessor.java:103)
	at java.base/java.lang.reflect.Method.invoke(Method.java:580)
	at org.junit.platform.commons.util.ReflectionUtils.invokeMethod(ReflectionUtils.java:728)
	at org.junit.jupiter.engine.execution.MethodInvocation.proceed(MethodInvocation.java:60)
	at org.junit.jupiter.engine.execution.InvocationInterceptorChain$ValidatingInvocation.proceed(InvocationInterceptorChain.java:131)
	at org.junit.jupiter.engine.extension.TimeoutExtension.intercept(TimeoutExtension.java:156)
	at org.junit.jupiter.engine.extension.TimeoutExtension.interceptTestableMethod(TimeoutExtension.java:147)
	at org.junit.jupiter.engine.extension.TimeoutExtension.interceptTestMethod(TimeoutExtension.java:86)
	at org.junit.jupiter.engine.execution.InterceptingExecutableInvoker$ReflectiveInterceptorCall.lambda$ofVoidMethod$0(InterceptingExecutableInvoker.java:103)
	at org.junit.jupiter.engine.execution.InterceptingExecutableInvoker.lambda$invoke$0(InterceptingExecutableInvoker.java:93)
	at org.junit.jupiter.engine.execution.InvocationInterceptorChain$InterceptedInvocation.proceed(InvocationInterceptorChain.java:106)
	at org.junit.jupiter.engine.execution.InvocationInterceptorChain.proceed(InvocationInterceptorChain.java:64)
	at org.junit.jupiter.engine.execution.InvocationInterceptorChain.chainAndInvoke(InvocationInterceptorChain.java:45)
	at org.junit.jupiter.engine.execution.InvocationInterceptorChain.invoke(InvocationInterceptorChain.java:37)
	at org.junit.jupiter.engine.execution.InterceptingExecutableInvoker.invoke(InterceptingExecutableInvoker.java:92)
	at org.junit.jupiter.engine.execution.InterceptingExecutableInvoker.invoke(InterceptingExecutableInvoker.java:86)
	at org.junit.jupiter.engine.descriptor.TestMethodTestDescriptor.lambda$invokeTestMethod$7(TestMethodTestDescriptor.java:218)
	at org.junit.platform.engine.support.hierarchical.ThrowableCollector.execute(ThrowableCollector.java:73)
	at org.junit.jupiter.engine.descriptor.TestMethodTestDescriptor.invokeTestMethod(TestMethodTestDescriptor.java:214)
	at org.junit.jupiter.engine.descriptor.TestMethodTestDescriptor.execute(TestMethodTestDescriptor.java:139)
	at org.junit.jupiter.engine.descriptor.TestMethodTestDescriptor.execute(TestMethodTestDescriptor.java:69)
	at org.junit.platform.engine.support.hierarchical.NodeTestTask.lambda$executeRecursively$6(NodeTestTask.java:156)
	at org.junit.platform.engine.support.hierarchical.ThrowableCollector.execute(ThrowableCollector.java:73)
	at org.junit.platform.engine.support.hierarchical.NodeTestTask.lambda$executeRecursively$8(NodeTestTask.java:146)
	at org.junit.platform.engine.support.hierarchical.Node.around(Node.java:137)
	at org.junit.platform.engine.support.hierarchical.NodeTestTask.lambda$executeRecursively$9(NodeTestTask.java:144)
	at org.junit.platform.engine.support.hierarchical.ThrowableCollector.execute(ThrowableCollector.java:73)
	at org.junit.platform.engine.support.hierarchical.NodeTestTask.executeRecursively(NodeTestTask.java:143)
	at org.junit.platform.engine.support.hierarchical.NodeTestTask.execute(NodeTestTask.java:100)
	at java.base/java.util.ArrayList.forEach(ArrayList.java:1596)
	at org.junit.platform.engine.support.hierarchical.SameThreadHierarchicalTestExecutorService.invokeAll(SameThreadHierarchicalTestExecutorService.java:41)
	at org.junit.platform.engine.support.hierarchical.NodeTestTask.lambda$executeRecursively$6(NodeTestTask.java:160)
	at org.junit.platform.engine.support.hierarchical.ThrowableCollector.execute(ThrowableCollector.java:73)
	at org.junit.platform.engine.support.hierarchical.NodeTestTask.lambda$executeRecursively$8(NodeTestTask.java:146)
	at org.junit.platform.engine.support.hierarchical.Node.around(Node.java:137)
	at org.junit.platform.engine.support.hierarchical.NodeTestTask.lambda$executeRecursively$9(NodeTestTask.java:144)
	at org.junit.platform.engine.support.hierarchical.ThrowableCollector.execute(ThrowableCollector.java:73)
	at org.junit.platform.engine.support.hierarchical.NodeTestTask.executeRecursively(NodeTestTask.java:143)
	at org.junit.platform.engine.support.hierarchical.NodeTestTask.execute(NodeTestTask.java:100)
	at java.base/java.util.ArrayList.forEach(ArrayList.java:1596)
	at org.junit.platform.engine.support.hierarchical.SameThreadHierarchicalTestExecutorService.invokeAll(SameThreadHierarchicalTestExecutorService.java:41)
	at org.junit.platform.engine.support.hierarchical.NodeTestTask.lambda$executeRecursively$6(NodeTestTask.java:160)
	at org.junit.platform.engine.support.hierarchical.ThrowableCollector.execute(ThrowableCollector.java:73)
	at org.junit.platform.engine.support.hierarchical.NodeTestTask.lambda$executeRecursively$8(NodeTestTask.java:146)
	at org.junit.platform.engine.support.hierarchical.Node.around(Node.java:137)
	at org.junit.platform.engine.support.hierarchical.NodeTestTask.lambda$executeRecursively$9(NodeTestTask.java:144)
	at org.junit.platform.engine.support.hierarchical.ThrowableCollector.execute(ThrowableCollector.java:73)
	at org.junit.platform.engine.support.hierarchical.NodeTestTask.executeRecursively(NodeTestTask.java:143)
	at org.junit.platform.engine.support.hierarchical.NodeTestTask.execute(NodeTestTask.java:100)
	at org.junit.platform.engine.support.hierarchical.SameThreadHierarchicalTestExecutorService.submit(SameThreadHierarchicalTestExecutorService.java:35)
	at org.junit.platform.engine.support.hierarchical.HierarchicalTestExecutor.execute(HierarchicalTestExecutor.java:57)
	at org.junit.platform.engine.support.hierarchical.HierarchicalTestEngine.execute(HierarchicalTestEngine.java:54)
	at org.junit.platform.launcher.core.EngineExecutionOrchestrator.execute(EngineExecutionOrchestrator.java:198)
	at org.junit.platform.launcher.core.EngineExecutionOrchestrator.execute(EngineExecutionOrchestrator.java:169)
	at org.junit.platform.launcher.core.EngineExecutionOrchestrator.execute(EngineExecutionOrchestrator.java:93)
	at org.junit.platform.launcher.core.EngineExecutionOrchestrator.lambda$execute$0(EngineExecutionOrchestrator.java:58)
	at org.junit.platform.launcher.core.EngineExecutionOrchestrator.withInterceptedStreams(EngineExecutionOrchestrator.java:141)
	at org.junit.platform.launcher.core.EngineExecutionOrchestrator.execute(EngineExecutionOrchestrator.java:57)
	at org.junit.platform.launcher.core.DefaultLauncher.execute(DefaultLauncher.java:103)
	at org.junit.platform.launcher.core.DefaultLauncher.execute(DefaultLauncher.java:85)
	at org.junit.platform.launcher.core.DelegatingLauncher.execute(DelegatingLauncher.java:47)
	at org.apache.maven.surefire.junitplatform.LazyLauncher.execute(LazyLauncher.java:56)
	at org.apache.maven.surefire.junitplatform.JUnitPlatformProvider.execute(JUnitPlatformProvider.java:184)
	at org.apache.maven.surefire.junitplatform.JUnitPlatformProvider.invokeAllTests(JUnitPlatformProvider.java:148)
	at org.apache.maven.surefire.junitplatform.JUnitPlatformProvider.invoke(JUnitPlatformProvider.java:122)
	at org.apache.maven.surefire.booter.ForkedBooter.runSuitesInProcess(ForkedBooter.java:385)
	at org.apache.maven.surefire.booter.ForkedBooter.execute(ForkedBooter.java:162)
	at org.apache.maven.surefire.booter.ForkedBooter.run(ForkedBooter.java:507)
	at org.apache.maven.surefire.booter.ForkedBooter.main(ForkedBooter.java:495)
Caused by: org.springframework.boot.web.server.PortInUseException: Port 9005 is already in use
	at org.springframework.boot.web.server.PortInUseException.lambda$throwIfPortBindingException$0(PortInUseException.java:71)
	at org.springframework.boot.web.server.PortInUseException.lambda$ifPortBindingException$1(PortInUseException.java:86)
	at org.springframework.boot.web.server.PortInUseException.ifCausedBy(PortInUseException.java:104)
	at org.springframework.boot.web.server.PortInUseException.ifPortBindingException(PortInUseException.java:83)
	at org.springframework.boot.web.server.PortInUseException.throwIfPortBindingException(PortInUseException.java:70)
	at org.springframework.boot.web.embedded.tomcat.TomcatWebServer.start(TomcatWebServer.java:250)
	at org.springframework.boot.web.servlet.context.WebServerStartStopLifecycle.start(WebServerStartStopLifecycle.java:44)
	at org.springframework.context.support.DefaultLifecycleProcessor.doStart(DefaultLifecycleProcessor.java:285)
	... 83 more
Caused by: java.lang.IllegalArgumentException: standardService.connector.startFailed
	at org.apache.catalina.core.StandardService.addConnector(StandardService.java:222)
	at org.springframework.boot.web.embedded.tomcat.TomcatWebServer.addPreviouslyRemovedConnectors(TomcatWebServer.java:310)
	at org.springframework.boot.web.embedded.tomcat.TomcatWebServer.start(TomcatWebServer.java:236)
	... 85 more
Caused by: org.apache.catalina.LifecycleException: Protocol handler start failed
	at org.apache.catalina.connector.Connector.startInternal(Connector.java:1061)
	at org.apache.catalina.util.LifecycleBase.start(LifecycleBase.java:164)
	at org.apache.catalina.core.StandardService.addConnector(StandardService.java:219)
	... 87 more
Caused by: java.net.BindException: Address already in use: bind
	at java.base/sun.nio.ch.Net.bind0(Native Method)
	at java.base/sun.nio.ch.Net.bind(Net.java:565)
	at java.base/sun.nio.ch.ServerSocketChannelImpl.netBind(ServerSocketChannelImpl.java:344)
	at java.base/sun.nio.ch.ServerSocketChannelImpl.bind(ServerSocketChannelImpl.java:301)
	at org.apache.tomcat.util.net.NioEndpoint.initServerSocket(NioEndpoint.java:239)
	at org.apache.tomcat.util.net.NioEndpoint.bind(NioEndpoint.java:194)
	at org.apache.tomcat.util.net.AbstractEndpoint.bindWithCleanup(AbstractEndpoint.java:1304)
	at org.apache.tomcat.util.net.AbstractEndpoint.start(AbstractEndpoint.java:1390)
	at org.apache.coyote.AbstractProtocol.start(AbstractProtocol.java:644)
	at org.apache.catalina.connector.Connector.startInternal(Connector.java:1058)
	... 89 more
Application failed to start.
]]></system-err>
  </testcase>
</testsuite>