<?xml version="1.0" encoding="UTF-8"?>
<testsuite xmlns:xsi="http://www.w3.org/2001/XMLSchema-instance" xsi:noNamespaceSchemaLocation="https://maven.apache.org/surefire/maven-surefire-plugin/xsd/surefire-test-report-3.0.xsd" version="3.0" name="com.happiest.EligibilityMicroservice.LoanEligibilityHelperTest" time="0.024" tests="15" errors="0" skipped="0" failures="0">
  <properties>
[...]
</properties>
  <testcase name="testEligibilityPassesWithBoundaryYearsInFarming" classname="com.happiest.EligibilityMicroservice.LoanEligibilityHelperTest" time="0.001"/>
  <testcase name="testLoanEligibilityHelperConstructor" classname="com.happiest.EligibilityMicroservice.LoanEligibilityHelperTest" time="0.002"/>
  <testcase name="testEligibilityFailedDueToBoundaryLandArea" classname="com.happiest.EligibilityMicroservice.LoanEligibilityHelperTest" time="0.001"/>
  <testcase name="testEligibilityFailedDueToBoundaryCreditScore" classname="com.happiest.EligibilityMicroservice.LoanEligibilityHelperTest" time="0.002"/>
  <testcase name="testEligibilityPassesWithBoundaryIncome" classname="com.happiest.EligibilityMicroservice.LoanEligibilityHelperTest" time="0.002"/>
  <testcase name="testEligibilityPassesWithBoundaryLandArea" classname="com.happiest.EligibilityMicroservice.LoanEligibilityHelperTest" time="0.001"/>
  <testcase name="testEligibilityPassesWithBoundaryCreditScore" classname="com.happiest.EligibilityMicroservice.LoanEligibilityHelperTest" time="0.001"/>
  <testcase name="testEligibilityFailedDueToBoundaryIncome" classname="com.happiest.EligibilityMicroservice.LoanEligibilityHelperTest" time="0.002"/>
  <testcase name="testEligibilityFailsDueToLowLandArea" classname="com.happiest.EligibilityMicroservice.LoanEligibilityHelperTest" time="0.0"/>
  <testcase name="testEligibilityFailsDueToLoanDefaultHistory" classname="com.happiest.EligibilityMicroservice.LoanEligibilityHelperTest" time="0.001"/>
  <testcase name="testEligibilityFailsDueToLowAnnualIncome" classname="com.happiest.EligibilityMicroservice.LoanEligibilityHelperTest" time="0.001"/>
  <testcase name="testEligibilityFailsDueToLowCreditScore" classname="com.happiest.EligibilityMicroservice.LoanEligibilityHelperTest" time="0.001"/>
  <testcase name="testEligibilityPassesAllCriteria" classname="com.happiest.EligibilityMicroservice.LoanEligibilityHelperTest" time="0.001"/>
  <testcase name="testEligibilityFailsDueToLowYearsInFarming" classname="com.happiest.EligibilityMicroservice.LoanEligibilityHelperTest" time="0.001"/>
  <testcase name="testEligibilityFailedDueToBoundaryYearsInFarming" classname="com.happiest.EligibilityMicroservice.LoanEligibilityHelperTest" time="0.001"/>
</testsuite>